2021-03-02 09:37:32,062 - INFO - 获取登录user_id
2021-03-02 09:37:32,062 - INFO - 开始获取cookies
2021-03-02 09:37:32,062 - INFO - 开始获取cookies
2021-03-02 09:38:29,465 - INFO - 获取登录user_id
2021-03-02 09:38:29,465 - INFO - 开始获取cookies
2021-03-02 09:38:29,465 - INFO - 开始获取cookies
2021-03-02 09:39:29,410 - INFO - 获取登录user_id
2021-03-02 09:39:29,410 - INFO - 开始获取cookies
2021-03-02 09:39:29,410 - INFO - 开始获取cookies
2021-03-02 09:39:37,939 - INFO - 获取登录user_id
2021-03-02 09:39:37,939 - INFO - 开始获取cookies
2021-03-02 09:39:37,939 - INFO - 开始获取cookies
2021-03-02 09:39:38,032 - INFO - 拿到cookies
2021-03-02 09:39:38,032 - INFO - 拿到cookies
2021-03-02 09:39:38,032 - INFO - 拿到cookies
2021-03-02 09:40:38,361 - INFO - 获取登录user_id
2021-03-02 09:40:38,361 - INFO - 开始获取cookies
2021-03-02 09:40:38,361 - INFO - 开始获取cookies
2021-03-02 09:40:38,440 - INFO - 拿到cookies
2021-03-02 09:40:38,440 - INFO - 拿到cookies
2021-03-02 09:40:38,440 - INFO - 拿到cookies
2021-03-02 09:41:19,137 - INFO - 获取登录user_id
2021-03-02 09:41:19,137 - INFO - 开始获取cookies
2021-03-02 09:41:19,137 - INFO - 开始获取cookies
2021-03-02 09:41:19,231 - INFO - 拿到cookies
2021-03-02 09:41:19,231 - INFO - 拿到cookies
2021-03-02 09:41:19,231 - INFO - 拿到cookies
2021-03-02 09:41:43,137 - INFO - 获取登录user_id
2021-03-02 09:41:43,137 - INFO - 开始获取cookies
2021-03-02 09:41:43,137 - INFO - 开始获取cookies
2021-03-02 09:41:43,262 - INFO - 拿到cookies
2021-03-02 09:41:43,262 - INFO - 拿到cookies
2021-03-02 09:41:43,262 - INFO - 拿到cookies
2021-03-02 10:09:40,111 - INFO - 获取登录user_id
2021-03-02 10:09:40,111 - INFO - 开始获取cookies
2021-03-02 10:09:40,111 - INFO - 开始获取cookies
2021-03-02 10:14:12,671 - INFO - 获取登录user_id
2021-03-02 10:14:12,672 - INFO - 开始获取cookies
2021-03-02 10:14:12,672 - INFO - 开始获取cookies
2021-03-02 10:14:26,674 - INFO - 获取登录user_id
2021-03-02 10:14:26,675 - INFO - 开始获取cookies
2021-03-02 10:14:26,675 - INFO - 开始获取cookies
2021-03-02 10:14:38,267 - INFO - 获取登录user_id
2021-03-02 10:14:38,268 - INFO - 开始获取cookies
2021-03-02 10:14:38,268 - INFO - 开始获取cookies
2021-03-02 10:15:02,069 - INFO - 获取登录user_id
2021-03-02 10:15:02,070 - INFO - 开始获取cookies
2021-03-02 10:15:02,070 - INFO - 开始获取cookies
2021-03-02 10:15:34,871 - INFO - 获取登录user_id
2021-03-02 10:15:34,872 - INFO - 开始获取cookies
2021-03-02 10:15:34,872 - INFO - 开始获取cookies
2021-03-02 10:16:40,158 - INFO - 获取登录user_id
2021-03-02 10:16:40,158 - INFO - 开始获取cookies
2021-03-02 10:16:40,158 - INFO - 开始获取cookies
2021-03-02 10:17:13,785 - INFO - 获取登录user_id
2021-03-02 10:17:13,786 - INFO - 开始获取cookies
2021-03-02 10:17:13,786 - INFO - 开始获取cookies
2021-03-02 10:17:14,060 - INFO - 拿到cookies
2021-03-02 10:17:14,060 - INFO - 拿到cookies
2021-03-02 10:17:14,060 - INFO - 拿到cookies
2021-03-02 10:20:08,293 - INFO - 获取登录user_id
2021-03-02 10:20:08,294 - INFO - 开始获取cookies
2021-03-02 10:20:08,294 - INFO - 开始获取cookies
2021-03-02 10:20:08,359 - INFO - 拿到cookies
2021-03-02 10:20:08,359 - INFO - 拿到cookies
2021-03-02 10:20:08,359 - INFO - 拿到cookies
2021-03-02 10:20:23,661 - INFO - 获取登录user_id
2021-03-02 10:20:23,662 - INFO - 开始获取cookies
2021-03-02 10:20:23,662 - INFO - 开始获取cookies
2021-03-02 10:20:23,717 - INFO - 拿到cookies
2021-03-02 10:20:23,717 - INFO - 拿到cookies
2021-03-02 10:20:23,717 - INFO - 拿到cookies
2021-03-02 11:12:40,529 - INFO - 获取登录user_id
2021-03-02 11:12:40,529 - INFO - 开始获取cookies
2021-03-02 11:12:40,529 - INFO - 开始获取cookies
2021-03-02 11:12:40,592 - INFO - 拿到cookies
2021-03-02 11:12:40,592 - INFO - 拿到cookies
2021-03-02 11:12:40,592 - INFO - 拿到cookies
2021-03-02 11:37:07,356 - WARNING - 写入没传递section和option
2021-03-02 11:37:20,151 - WARNING - 写入没传递section和option
2021-03-02 11:41:02,269 - WARNING - 写入没传递section和option
2021-03-02 11:41:06,106 - INFO - 获取登录user_id
2021-03-02 11:41:06,106 - INFO - 开始获取cookies
2021-03-02 11:41:06,106 - INFO - 开始获取cookies
2021-03-02 11:41:06,169 - INFO - 拿到cookies
2021-03-02 11:41:06,169 - INFO - 拿到cookies
2021-03-02 11:41:06,169 - INFO - 拿到cookies
2021-03-02 11:41:40,352 - INFO - 获取登录user_id
2021-03-02 11:41:40,352 - INFO - 开始获取cookies
2021-03-02 11:41:40,352 - INFO - 开始获取cookies
2021-03-02 11:41:40,414 - INFO - 拿到cookies
2021-03-02 11:41:40,414 - INFO - 拿到cookies
2021-03-02 11:41:40,414 - INFO - 拿到cookies
2021-03-02 11:42:29,246 - INFO - 获取登录user_id
2021-03-02 11:42:29,246 - INFO - 开始获取cookies
2021-03-02 11:42:29,246 - INFO - 开始获取cookies
2021-03-02 11:42:29,340 - INFO - 拿到cookies
2021-03-02 11:42:29,340 - INFO - 拿到cookies
2021-03-02 11:42:29,340 - INFO - 拿到cookies
2021-03-02 11:42:38,706 - INFO - 获取登录user_id
2021-03-02 11:42:38,706 - INFO - 开始获取cookies
2021-03-02 11:42:38,706 - INFO - 开始获取cookies
2021-03-02 11:42:38,768 - INFO - 拿到cookies
2021-03-02 11:42:38,768 - INFO - 拿到cookies
2021-03-02 11:42:38,768 - INFO - 拿到cookies
2021-03-02 11:44:13,467 - INFO - 获取登录user_id
2021-03-02 11:44:13,467 - INFO - 开始获取cookies
2021-03-02 11:44:13,467 - INFO - 开始获取cookies
2021-03-02 11:44:13,553 - INFO - 拿到cookies
2021-03-02 11:44:13,553 - INFO - 拿到cookies
2021-03-02 11:44:13,553 - INFO - 拿到cookies
2021-03-02 11:44:21,888 - INFO - 获取登录user_id
2021-03-02 11:44:21,903 - INFO - 开始获取cookies
2021-03-02 11:44:21,903 - INFO - 开始获取cookies
2021-03-02 11:44:21,966 - INFO - 拿到cookies
2021-03-02 11:44:21,966 - INFO - 拿到cookies
2021-03-02 11:44:21,966 - INFO - 拿到cookies
2021-03-02 11:44:24,565 - INFO - 获取登录user_id
2021-03-02 11:44:24,565 - INFO - 开始获取cookies
2021-03-02 11:44:24,565 - INFO - 开始获取cookies
2021-03-02 11:44:24,628 - INFO - 拿到cookies
2021-03-02 11:44:24,628 - INFO - 拿到cookies
2021-03-02 11:44:24,628 - INFO - 拿到cookies
2021-03-02 11:44:26,112 - INFO - 获取登录user_id
2021-03-02 11:44:26,112 - INFO - 开始获取cookies
2021-03-02 11:44:26,112 - INFO - 开始获取cookies
2021-03-02 11:44:26,206 - INFO - 拿到cookies
2021-03-02 11:44:26,206 - INFO - 拿到cookies
2021-03-02 11:44:26,206 - INFO - 拿到cookies
2021-03-02 11:44:27,588 - INFO - 获取登录user_id
2021-03-02 11:44:27,588 - INFO - 开始获取cookies
2021-03-02 11:44:27,588 - INFO - 开始获取cookies
2021-03-02 11:44:27,650 - INFO - 拿到cookies
2021-03-02 11:44:27,650 - INFO - 拿到cookies
2021-03-02 11:44:27,650 - INFO - 拿到cookies
2021-03-02 11:44:29,650 - INFO - 获取登录user_id
2021-03-02 11:44:29,650 - INFO - 开始获取cookies
2021-03-02 11:44:29,650 - INFO - 开始获取cookies
2021-03-02 11:44:29,713 - INFO - 拿到cookies
2021-03-02 11:44:29,713 - INFO - 拿到cookies
2021-03-02 11:44:29,713 - INFO - 拿到cookies
2021-03-02 13:57:07,260 - INFO - 获取登录user_id
2021-03-02 13:57:07,260 - INFO - 开始获取cookies
2021-03-02 13:57:07,260 - INFO - 开始获取cookies
2021-03-02 13:57:07,317 - INFO - 拿到cookies
2021-03-02 13:57:07,317 - INFO - 拿到cookies
2021-03-02 13:57:07,317 - INFO - 拿到cookies
2021-03-02 13:57:07,317 - WARNING - 写入没传递section和option
2021-03-02 13:57:07,317 - WARNING - 写入没传递section和option
2021-03-02 13:57:07,317 - WARNING - 写入没传递section和option
2021-03-02 13:57:07,317 - WARNING - 写入没传递section和option
2021-03-02 13:57:13,862 - INFO - 获取登录user_id
2021-03-02 13:57:13,862 - INFO - 开始获取cookies
2021-03-02 13:57:13,862 - INFO - 开始获取cookies
2021-03-02 13:57:13,933 - INFO - 拿到cookies
2021-03-02 13:57:13,933 - INFO - 拿到cookies
2021-03-02 13:57:13,933 - INFO - 拿到cookies
2021-03-02 13:57:13,933 - WARNING - 写入没传递section和option
2021-03-02 13:57:13,933 - WARNING - 写入没传递section和option
2021-03-02 13:57:13,933 - WARNING - 写入没传递section和option
2021-03-02 13:57:13,933 - WARNING - 写入没传递section和option
2021-03-02 13:57:34,805 - INFO - 获取登录user_id
2021-03-02 13:57:34,805 - INFO - 开始获取cookies
2021-03-02 13:57:34,805 - INFO - 开始获取cookies
2021-03-02 13:57:34,869 - INFO - 拿到cookies
2021-03-02 13:57:34,869 - INFO - 拿到cookies
2021-03-02 13:57:34,869 - INFO - 拿到cookies
2021-03-02 13:57:34,869 - WARNING - 写入没传递section和option
2021-03-02 13:57:34,869 - WARNING - 写入没传递section和option
2021-03-02 13:57:34,869 - WARNING - 写入没传递section和option
2021-03-02 13:57:34,869 - WARNING - 写入没传递section和option
2021-03-02 13:57:59,727 - INFO - 获取登录user_id
2021-03-02 13:57:59,727 - INFO - 开始获取cookies
2021-03-02 13:57:59,727 - INFO - 开始获取cookies
2021-03-02 13:57:59,791 - INFO - 拿到cookies
2021-03-02 13:57:59,791 - INFO - 拿到cookies
2021-03-02 13:57:59,791 - INFO - 拿到cookies
2021-03-02 13:57:59,791 - WARNING - 写入没传递section和option
2021-03-02 13:57:59,791 - WARNING - 写入没传递section和option
2021-03-02 13:57:59,791 - WARNING - 写入没传递section和option
2021-03-02 13:57:59,791 - WARNING - 写入没传递section和option
2021-03-02 13:58:05,556 - INFO - 获取登录user_id
2021-03-02 13:58:05,556 - INFO - 开始获取cookies
2021-03-02 13:58:05,556 - INFO - 开始获取cookies
2021-03-02 13:58:05,619 - INFO - 拿到cookies
2021-03-02 13:58:05,619 - INFO - 拿到cookies
2021-03-02 13:58:05,619 - INFO - 拿到cookies
2021-03-02 13:58:05,619 - WARNING - 写入没传递section和option
2021-03-02 13:58:05,619 - WARNING - 写入没传递section和option
2021-03-02 13:58:05,619 - WARNING - 写入没传递section和option
2021-03-02 13:58:05,619 - WARNING - 写入没传递section和option
2021-03-02 13:58:28,661 - INFO - 获取登录user_id
2021-03-02 13:58:28,661 - INFO - 开始获取cookies
2021-03-02 13:58:28,661 - INFO - 开始获取cookies
2021-03-02 13:58:28,723 - INFO - 拿到cookies
2021-03-02 13:58:28,723 - INFO - 拿到cookies
2021-03-02 13:58:28,723 - INFO - 拿到cookies
2021-03-02 13:58:28,723 - WARNING - 写入没传递section和option
2021-03-02 13:58:28,723 - WARNING - 写入没传递section和option
2021-03-02 13:58:28,723 - WARNING - 写入没传递section和option
2021-03-02 13:58:28,723 - WARNING - 写入没传递section和option
2021-03-02 13:58:50,244 - INFO - 获取登录user_id
2021-03-02 13:58:50,244 - INFO - 开始获取cookies
2021-03-02 13:58:50,244 - INFO - 开始获取cookies
2021-03-02 13:58:50,315 - INFO - 拿到cookies
2021-03-02 13:58:50,315 - INFO - 拿到cookies
2021-03-02 13:58:50,315 - INFO - 拿到cookies
2021-03-02 13:58:50,315 - WARNING - 写入没传递section和option
2021-03-02 13:58:50,315 - WARNING - 写入没传递section和option
2021-03-02 13:58:50,315 - WARNING - 写入没传递section和option
2021-03-02 13:58:50,315 - WARNING - 写入没传递section和option
2021-03-02 13:58:56,265 - INFO - 获取登录user_id
2021-03-02 13:58:56,280 - INFO - 开始获取cookies
2021-03-02 13:58:56,280 - INFO - 开始获取cookies
2021-03-02 13:58:56,327 - INFO - 拿到cookies
2021-03-02 13:58:56,327 - INFO - 拿到cookies
2021-03-02 13:58:56,327 - INFO - 拿到cookies
2021-03-02 13:58:56,327 - WARNING - 写入没传递section和option
2021-03-02 13:58:56,327 - WARNING - 写入没传递section和option
2021-03-02 13:58:56,327 - WARNING - 写入没传递section和option
2021-03-02 13:58:56,327 - WARNING - 写入没传递section和option
2021-03-02 13:59:09,552 - INFO - 获取登录user_id
2021-03-02 13:59:09,568 - INFO - 开始获取cookies
2021-03-02 13:59:09,568 - INFO - 开始获取cookies
2021-03-02 13:59:09,615 - INFO - 拿到cookies
2021-03-02 13:59:09,615 - INFO - 拿到cookies
2021-03-02 13:59:09,615 - INFO - 拿到cookies
2021-03-02 13:59:09,615 - WARNING - 写入没传递section和option
2021-03-02 13:59:09,615 - WARNING - 写入没传递section和option
2021-03-02 13:59:09,615 - WARNING - 写入没传递section和option
2021-03-02 13:59:09,615 - WARNING - 写入没传递section和option
2021-03-02 13:59:31,492 - INFO - 获取登录user_id
2021-03-02 13:59:31,508 - INFO - 开始获取cookies
2021-03-02 13:59:31,508 - INFO - 开始获取cookies
2021-03-02 13:59:31,554 - INFO - 拿到cookies
2021-03-02 13:59:31,554 - INFO - 拿到cookies
2021-03-02 13:59:31,554 - INFO - 拿到cookies
2021-03-02 13:59:31,570 - WARNING - 写入没传递section和option
2021-03-02 13:59:31,570 - WARNING - 写入没传递section和option
2021-03-02 13:59:31,570 - WARNING - 写入没传递section和option
2021-03-02 13:59:31,570 - WARNING - 写入没传递section和option
2021-03-02 13:59:45,755 - INFO - 获取登录user_id
2021-03-02 13:59:45,755 - INFO - 开始获取cookies
2021-03-02 13:59:45,755 - INFO - 开始获取cookies
2021-03-02 13:59:45,817 - INFO - 拿到cookies
2021-03-02 13:59:45,817 - INFO - 拿到cookies
2021-03-02 13:59:45,817 - INFO - 拿到cookies
2021-03-02 14:00:02,461 - INFO - 获取登录user_id
2021-03-02 14:00:02,461 - INFO - 开始获取cookies
2021-03-02 14:00:02,461 - INFO - 开始获取cookies
2021-03-02 14:00:02,556 - INFO - 拿到cookies
2021-03-02 14:00:02,556 - INFO - 拿到cookies
2021-03-02 14:00:02,556 - INFO - 拿到cookies
2021-03-02 14:03:21,656 - INFO - 获取登录user_id
2021-03-02 14:03:21,656 - INFO - 开始获取cookies
2021-03-02 14:03:21,656 - INFO - 开始获取cookies
2021-03-02 14:03:21,734 - INFO - 拿到cookies
2021-03-02 14:03:21,734 - INFO - 拿到cookies
2021-03-02 14:03:21,734 - INFO - 拿到cookies
2021-03-02 14:05:39,655 - INFO - 获取登录user_id
2021-03-02 14:05:39,655 - INFO - 开始获取cookies
2021-03-02 14:05:39,655 - INFO - 开始获取cookies
2021-03-02 14:05:39,749 - INFO - 拿到cookies
2021-03-02 14:05:39,749 - INFO - 拿到cookies
2021-03-02 14:05:39,749 - INFO - 拿到cookies
2021-03-02 14:05:39,749 - INFO - 写入传参为字典
2021-03-02 14:05:39,749 - INFO - 写入传参为字典
2021-03-02 14:05:39,749 - INFO - 写入传参为字典
2021-03-02 14:05:39,749 - INFO - 写入传参为字典
2021-03-02 14:08:40,326 - INFO - 获取登录user_id
2021-03-02 14:08:40,326 - INFO - 开始获取cookies
2021-03-02 14:08:40,326 - INFO - 开始获取cookies
2021-03-02 14:08:40,385 - INFO - 拿到cookies
2021-03-02 14:08:40,385 - INFO - 拿到cookies
2021-03-02 14:08:40,385 - INFO - 拿到cookies
2021-03-02 14:08:40,385 - INFO - 写入传参为字典
2021-03-02 14:08:40,385 - INFO - 写入传参为字典
2021-03-02 14:08:40,385 - INFO - 写入传参为字典
2021-03-02 14:08:40,385 - INFO - 写入传参为字典
2021-03-02 14:08:50,112 - INFO - 获取登录user_id
2021-03-02 14:08:50,127 - INFO - 开始获取cookies
2021-03-02 14:08:50,127 - INFO - 开始获取cookies
2021-03-02 14:08:50,174 - INFO - 拿到cookies
2021-03-02 14:08:50,174 - INFO - 拿到cookies
2021-03-02 14:08:50,174 - INFO - 拿到cookies
2021-03-02 14:08:50,190 - INFO - 写入传参为字典
2021-03-02 14:08:50,190 - INFO - 写入传参为字典
2021-03-02 14:08:50,190 - INFO - 写入传参为字典
2021-03-02 14:08:50,190 - INFO - 写入传参为字典
2021-03-02 14:08:56,225 - INFO - 获取登录user_id
2021-03-02 14:08:56,225 - INFO - 开始获取cookies
2021-03-02 14:08:56,225 - INFO - 开始获取cookies
2021-03-02 14:08:56,287 - INFO - 拿到cookies
2021-03-02 14:08:56,287 - INFO - 拿到cookies
2021-03-02 14:08:56,287 - INFO - 拿到cookies
2021-03-02 14:08:56,287 - INFO - 写入传参为字典
2021-03-02 14:08:56,287 - INFO - 写入传参为字典
2021-03-02 14:08:56,287 - INFO - 写入传参为字典
2021-03-02 14:08:56,287 - INFO - 写入传参为字典
2021-03-02 14:09:28,156 - INFO - 获取登录user_id
2021-03-02 14:09:28,156 - INFO - 开始获取cookies
2021-03-02 14:09:28,156 - INFO - 开始获取cookies
2021-03-02 14:09:28,234 - INFO - 拿到cookies
2021-03-02 14:09:28,234 - INFO - 拿到cookies
2021-03-02 14:09:28,234 - INFO - 拿到cookies
2021-03-02 14:09:28,234 - INFO - 写入传参为字典
2021-03-02 14:09:28,234 - INFO - 写入传参为字典
2021-03-02 14:09:28,234 - INFO - 写入传参为字典
2021-03-02 14:09:28,234 - INFO - 写入传参为字典
2021-03-02 14:09:39,479 - INFO - 获取登录user_id
2021-03-02 14:09:39,480 - INFO - 开始获取cookies
2021-03-02 14:09:39,480 - INFO - 开始获取cookies
2021-03-02 14:09:39,527 - INFO - 拿到cookies
2021-03-02 14:09:39,527 - INFO - 拿到cookies
2021-03-02 14:09:39,527 - INFO - 拿到cookies
2021-03-02 14:09:39,527 - INFO - 写入传参为字典
2021-03-02 14:09:39,527 - INFO - 写入传参为字典
2021-03-02 14:09:39,527 - INFO - 写入传参为字典
2021-03-02 14:09:39,527 - INFO - 写入传参为字典
2021-03-02 14:11:58,343 - INFO - 获取登录user_id
2021-03-02 14:11:58,343 - INFO - 开始获取cookies
2021-03-02 14:11:58,343 - INFO - 开始获取cookies
2021-03-02 14:11:58,406 - INFO - 拿到cookies
2021-03-02 14:11:58,406 - INFO - 拿到cookies
2021-03-02 14:11:58,406 - INFO - 拿到cookies
2021-03-02 14:11:58,422 - INFO - 写入传参为字典
2021-03-02 14:11:58,422 - INFO - 写入传参为字典
2021-03-02 14:11:58,422 - INFO - 写入传参为字典
2021-03-02 14:11:58,422 - INFO - 写入传参为字典
2021-03-02 14:13:00,863 - INFO - 获取登录user_id
2021-03-02 14:13:00,863 - INFO - 开始获取cookies
2021-03-02 14:13:00,863 - INFO - 开始获取cookies
2021-03-02 14:13:00,942 - INFO - 拿到cookies
2021-03-02 14:13:00,942 - INFO - 拿到cookies
2021-03-02 14:13:00,942 - INFO - 拿到cookies
2021-03-02 14:13:00,942 - INFO - 写入传参为字典
2021-03-02 14:13:00,942 - INFO - 写入传参为字典
2021-03-02 14:13:00,942 - INFO - 写入传参为字典
2021-03-02 14:13:00,942 - INFO - 写入传参为字典
2021-03-02 14:13:57,099 - INFO - 获取登录user_id
2021-03-02 14:13:57,099 - INFO - 开始获取cookies
2021-03-02 14:13:57,099 - INFO - 开始获取cookies
2021-03-02 14:13:57,161 - INFO - 拿到cookies
2021-03-02 14:13:57,161 - INFO - 拿到cookies
2021-03-02 14:13:57,161 - INFO - 拿到cookies
2021-03-02 14:13:57,161 - INFO - 写入传参为字典
2021-03-02 14:13:57,161 - INFO - 写入传参为字典
2021-03-02 14:13:57,161 - INFO - 写入传参为字典
2021-03-02 14:13:57,161 - INFO - 写入传参为字典
2021-03-02 14:14:15,593 - INFO - 获取登录user_id
2021-03-02 14:14:15,593 - INFO - 开始获取cookies
2021-03-02 14:14:15,593 - INFO - 开始获取cookies
2021-03-02 14:14:15,656 - INFO - 拿到cookies
2021-03-02 14:14:15,656 - INFO - 拿到cookies
2021-03-02 14:14:15,656 - INFO - 拿到cookies
2021-03-02 14:14:15,656 - INFO - 写入传参为字典
2021-03-02 14:14:15,656 - INFO - 写入传参为字典
2021-03-02 14:14:15,656 - INFO - 写入传参为字典
2021-03-02 14:14:15,656 - INFO - 写入传参为字典
2021-03-02 14:17:34,515 - INFO - 获取登录user_id
2021-03-02 14:17:34,515 - INFO - 开始获取cookies
2021-03-02 14:17:34,515 - INFO - 开始获取cookies
2021-03-02 14:17:34,578 - INFO - 拿到cookies
2021-03-02 14:17:34,578 - INFO - 拿到cookies
2021-03-02 14:17:34,578 - INFO - 拿到cookies
2021-03-02 14:17:34,578 - INFO - 写入传参为字典
2021-03-02 14:17:34,578 - INFO - 写入传参为字典
2021-03-02 14:17:34,578 - INFO - 写入传参为字典
2021-03-02 14:17:34,578 - INFO - 写入传参为字典
2021-03-02 14:19:21,146 - INFO - 获取登录user_id
2021-03-02 14:19:21,146 - INFO - 开始获取cookies
2021-03-02 14:19:21,146 - INFO - 开始获取cookies
2021-03-02 14:19:21,193 - INFO - 拿到cookies
2021-03-02 14:19:21,193 - INFO - 拿到cookies
2021-03-02 14:19:21,193 - INFO - 拿到cookies
2021-03-02 14:19:21,193 - INFO - 写入传参为字典
2021-03-02 14:19:21,193 - INFO - 写入传参为字典
2021-03-02 14:19:21,193 - INFO - 写入传参为字典
2021-03-02 14:19:21,193 - INFO - 写入传参为字典
2021-03-02 14:25:48,081 - INFO - 获取登录user_id
2021-03-02 14:25:48,081 - INFO - 开始获取cookies
2021-03-02 14:25:48,081 - INFO - 开始获取cookies
2021-03-02 14:25:48,144 - INFO - 拿到cookies
2021-03-02 14:25:48,144 - INFO - 拿到cookies
2021-03-02 14:25:48,144 - INFO - 拿到cookies
2021-03-02 14:25:48,144 - INFO - 写入传参为字典
2021-03-02 14:25:48,144 - INFO - 写入传参为字典
2021-03-02 14:25:48,144 - INFO - 写入传参为字典
2021-03-02 14:25:48,144 - INFO - 写入传参为字典
2021-03-02 14:26:04,749 - INFO - 获取登录user_id
2021-03-02 14:26:04,749 - INFO - 开始获取cookies
2021-03-02 14:26:04,749 - INFO - 开始获取cookies
2021-03-02 14:26:04,827 - INFO - 拿到cookies
2021-03-02 14:26:04,827 - INFO - 拿到cookies
2021-03-02 14:26:04,827 - INFO - 拿到cookies
2021-03-02 14:26:04,827 - INFO - 写入传参为字典
2021-03-02 14:26:04,827 - INFO - 写入传参为字典
2021-03-02 14:26:04,827 - INFO - 写入传参为字典
2021-03-02 14:26:04,827 - INFO - 写入传参为字典
2021-03-02 17:55:56,423 - INFO - 获取登录user_id
2021-03-02 17:55:56,424 - INFO - 开始获取cookies
2021-03-02 17:55:56,424 - INFO - 开始获取cookies
2021-03-02 17:55:56,560 - INFO - 拿到cookies
2021-03-02 17:55:56,560 - INFO - 拿到cookies
2021-03-02 17:55:56,560 - INFO - 拿到cookies
2021-03-02 17:55:56,560 - INFO - 写入传参为字典
2021-03-02 17:55:56,560 - INFO - 写入传参为字典
2021-03-02 17:55:56,560 - INFO - 写入传参为字典
2021-03-02 17:55:56,560 - INFO - 写入传参为字典
